Commit 1 at Sat Sep 20 15:34:44 WIB 2025
Commit 2 at Sat Sep 20 15:34:46 WIB 2025
Commit 3 at Sat Sep 20 15:34:48 WIB 2025
Commit 4 at Sat Sep 20 15:34:50 WIB 2025
Commit 1 at Sun Sep 21 06:10:51 WIB 2025
Commit 2 at Sun Sep 21 06:10:54 WIB 2025
Commit 3 at Sun Sep 21 06:10:56 WIB 2025
Commit 4 at Sun Sep 21 06:10:58 WIB 2025
Commit 5 at Sun Sep 21 06:11:00 WIB 2025
Commit 6 at Sun Sep 21 06:11:02 WIB 2025
Commit 7 at Sun Sep 21 06:11:04 WIB 2025
Commit 8 at Sun Sep 21 06:11:06 WIB 2025
Commit 9 at Sun Sep 21 06:11:08 WIB 2025
Commit 1 at Mon Sep 22 06:14:39 WIB 2025
Commit 2 at Mon Sep 22 06:14:41 WIB 2025
Commit 3 at Mon Sep 22 06:14:43 WIB 2025
Commit 4 at Mon Sep 22 06:14:45 WIB 2025
Commit 5 at Mon Sep 22 06:14:47 WIB 2025
Commit 6 at Mon Sep 22 06:14:49 WIB 2025
Commit 7 at Mon Sep 22 06:14:51 WIB 2025
Commit 8 at Mon Sep 22 06:14:53 WIB 2025
Commit 9 at Mon Sep 22 06:14:55 WIB 2025
Commit 1 at Tue Sep 23 06:15:03 WIB 2025
Commit 2 at Tue Sep 23 06:15:03 WIB 2025
Commit 3 at Tue Sep 23 06:15:03 WIB 2025
Commit 4 at Tue Sep 23 06:15:03 WIB 2025
Commit 1 at Wed Sep 24 06:14:25 WIB 2025
Commit 2 at Wed Sep 24 06:14:25 WIB 2025
Commit 3 at Wed Sep 24 06:14:25 WIB 2025
Commit 4 at Wed Sep 24 06:14:25 WIB 2025
Commit 1 at Thu Sep 25 06:15:08 WIB 2025
Commit 2 at Thu Sep 25 06:15:08 WIB 2025
Commit 3 at Thu Sep 25 06:15:08 WIB 2025
Commit 4 at Thu Sep 25 06:15:08 WIB 2025
Commit 1 at Fri Sep 26 06:14:51 WIB 2025
Commit 2 at Fri Sep 26 06:14:51 WIB 2025
Commit 3 at Fri Sep 26 06:14:51 WIB 2025
Commit 4 at Fri Sep 26 06:14:51 WIB 2025
Commit 1 at Sat Sep 27 06:14:48 WIB 2025
Commit 2 at Sat Sep 27 06:14:48 WIB 2025
Commit 3 at Sat Sep 27 06:14:48 WIB 2025
Commit 4 at Sat Sep 27 06:14:48 WIB 2025
Commit 1 at Sun Sep 28 06:14:32 WIB 2025
Commit 2 at Sun Sep 28 06:14:32 WIB 2025
Commit 3 at Sun Sep 28 06:14:32 WIB 2025
Commit 4 at Sun Sep 28 06:14:32 WIB 2025
Commit 1 at Mon Sep 29 06:14:54 WIB 2025
Commit 2 at Mon Sep 29 06:14:54 WIB 2025
Commit 3 at Mon Sep 29 06:14:54 WIB 2025
Commit 4 at Mon Sep 29 06:14:54 WIB 2025
Commit 1 at Tue Sep 30 06:15:01 WIB 2025
Commit 2 at Tue Sep 30 06:15:01 WIB 2025
Commit 3 at Tue Sep 30 06:15:01 WIB 2025
Commit 4 at Tue Sep 30 06:15:01 WIB 2025
Commit 1 at Wed Oct  1 06:14:45 WIB 2025
Commit 2 at Wed Oct  1 06:14:45 WIB 2025
Commit 3 at Wed Oct  1 06:14:45 WIB 2025
Commit 4 at Wed Oct  1 06:14:45 WIB 2025
Commit 1 at Thu Oct  2 06:14:26 WIB 2025
Commit 2 at Thu Oct  2 06:14:26 WIB 2025
Commit 3 at Thu Oct  2 06:14:26 WIB 2025
Commit 4 at Thu Oct  2 06:14:26 WIB 2025
Commit 1 at Fri Oct  3 06:14:25 WIB 2025
Commit 2 at Fri Oct  3 06:14:25 WIB 2025
Commit 3 at Fri Oct  3 06:14:25 WIB 2025
Commit 4 at Fri Oct  3 06:14:25 WIB 2025
Commit 1 at Sat Oct  4 06:14:06 WIB 2025
Commit 2 at Sat Oct  4 06:14:06 WIB 2025
Commit 3 at Sat Oct  4 06:14:06 WIB 2025
Commit 4 at Sat Oct  4 06:14:06 WIB 2025
Commit 1 at Sun Oct  5 06:14:40 WIB 2025
Commit 2 at Sun Oct  5 06:14:40 WIB 2025
Commit 3 at Sun Oct  5 06:14:40 WIB 2025
Commit 4 at Sun Oct  5 06:14:40 WIB 2025
Commit 1 at Mon Oct  6 06:13:20 WIB 2025
Commit 2 at Mon Oct  6 06:13:20 WIB 2025
Commit 3 at Mon Oct  6 06:13:20 WIB 2025
Commit 4 at Mon Oct  6 06:13:20 WIB 2025
Commit 1 at Tue Oct  7 06:14:49 WIB 2025
Commit 2 at Tue Oct  7 06:14:49 WIB 2025
Commit 3 at Tue Oct  7 06:14:49 WIB 2025
Commit 4 at Tue Oct  7 06:14:49 WIB 2025
Commit 1 at Wed Oct  8 06:14:47 WIB 2025
Commit 2 at Wed Oct  8 06:14:47 WIB 2025
Commit 3 at Wed Oct  8 06:14:47 WIB 2025
Commit 4 at Wed Oct  8 06:14:47 WIB 2025
Commit 1 at Thu Oct  9 06:14:50 WIB 2025
Commit 2 at Thu Oct  9 06:14:50 WIB 2025
Commit 3 at Thu Oct  9 06:14:50 WIB 2025
Commit 4 at Thu Oct  9 06:14:50 WIB 2025
Commit 1 at Fri Oct 10 06:15:11 WIB 2025
Commit 2 at Fri Oct 10 06:15:11 WIB 2025
Commit 3 at Fri Oct 10 06:15:11 WIB 2025
Commit 4 at Fri Oct 10 06:15:12 WIB 2025
Commit 1 at Sat Oct 11 06:14:34 WIB 2025
Commit 2 at Sat Oct 11 06:14:34 WIB 2025
Commit 3 at Sat Oct 11 06:14:34 WIB 2025
Commit 4 at Sat Oct 11 06:14:34 WIB 2025
Commit 1 at Sun Oct 12 06:14:30 WIB 2025
Commit 2 at Sun Oct 12 06:14:30 WIB 2025
Commit 3 at Sun Oct 12 06:14:30 WIB 2025
Commit 4 at Sun Oct 12 06:14:30 WIB 2025
Commit 1 at Mon Oct 13 06:14:15 WIB 2025
Commit 2 at Mon Oct 13 06:14:15 WIB 2025
Commit 3 at Mon Oct 13 06:14:15 WIB 2025
Commit 4 at Mon Oct 13 06:14:15 WIB 2025
Commit 1 at Tue Oct 14 06:14:30 WIB 2025
Commit 2 at Tue Oct 14 06:14:30 WIB 2025
Commit 3 at Tue Oct 14 06:14:30 WIB 2025
Commit 4 at Tue Oct 14 06:14:30 WIB 2025
Commit 1 at Wed Oct 15 06:15:17 WIB 2025
Commit 2 at Wed Oct 15 06:15:17 WIB 2025
Commit 3 at Wed Oct 15 06:15:17 WIB 2025
Commit 4 at Wed Oct 15 06:15:17 WIB 2025
Commit 1 at Thu Oct 16 06:14:47 WIB 2025
Commit 2 at Thu Oct 16 06:14:47 WIB 2025
Commit 3 at Thu Oct 16 06:14:47 WIB 2025
Commit 4 at Thu Oct 16 06:14:47 WIB 2025
Commit 1 at Fri Oct 17 06:14:30 WIB 2025
Commit 2 at Fri Oct 17 06:14:30 WIB 2025
Commit 3 at Fri Oct 17 06:14:30 WIB 2025
Commit 4 at Fri Oct 17 06:14:30 WIB 2025
Commit 1 at Sat Oct 18 06:14:40 WIB 2025
Commit 2 at Sat Oct 18 06:14:40 WIB 2025
Commit 3 at Sat Oct 18 06:14:40 WIB 2025
Commit 4 at Sat Oct 18 06:14:40 WIB 2025
Commit 1 at Sun Oct 19 06:14:34 WIB 2025
Commit 2 at Sun Oct 19 06:14:34 WIB 2025
Commit 3 at Sun Oct 19 06:14:34 WIB 2025
Commit 4 at Sun Oct 19 06:14:34 WIB 2025
Commit 1 at Mon Oct 20 06:14:47 WIB 2025
Commit 2 at Mon Oct 20 06:14:47 WIB 2025
Commit 3 at Mon Oct 20 06:14:47 WIB 2025
Commit 4 at Mon Oct 20 06:14:47 WIB 2025
Commit 1 at Tue Oct 21 06:15:08 WIB 2025
Commit 2 at Tue Oct 21 06:15:08 WIB 2025
Commit 3 at Tue Oct 21 06:15:08 WIB 2025
Commit 4 at Tue Oct 21 06:15:08 WIB 2025
Commit 1 at Wed Oct 22 06:16:36 WIB 2025
Commit 2 at Wed Oct 22 06:16:36 WIB 2025
Commit 3 at Wed Oct 22 06:16:36 WIB 2025
Commit 4 at Wed Oct 22 06:16:36 WIB 2025
Commit 1 at Thu Oct 23 06:14:23 WIB 2025
Commit 2 at Thu Oct 23 06:14:23 WIB 2025
Commit 3 at Thu Oct 23 06:14:23 WIB 2025
Commit 4 at Thu Oct 23 06:14:23 WIB 2025
Commit 1 at Fri Oct 24 06:15:08 WIB 2025
Commit 2 at Fri Oct 24 06:15:08 WIB 2025
Commit 3 at Fri Oct 24 06:15:08 WIB 2025
Commit 4 at Fri Oct 24 06:15:08 WIB 2025
Commit 1 at Sat Oct 25 06:15:43 WIB 2025
Commit 2 at Sat Oct 25 06:15:43 WIB 2025
Commit 3 at Sat Oct 25 06:15:43 WIB 2025
Commit 4 at Sat Oct 25 06:15:43 WIB 2025
Commit 1 at Sun Oct 26 06:14:28 WIB 2025
Commit 2 at Sun Oct 26 06:14:28 WIB 2025
Commit 3 at Sun Oct 26 06:14:28 WIB 2025
Commit 4 at Sun Oct 26 06:14:28 WIB 2025
Commit 1 at Mon Oct 27 06:15:13 WIB 2025
Commit 2 at Mon Oct 27 06:15:13 WIB 2025
Commit 3 at Mon Oct 27 06:15:13 WIB 2025
Commit 4 at Mon Oct 27 06:15:13 WIB 2025
Commit 1 at Tue Oct 28 06:15:22 WIB 2025
Commit 2 at Tue Oct 28 06:15:22 WIB 2025
Commit 3 at Tue Oct 28 06:15:22 WIB 2025
Commit 4 at Tue Oct 28 06:15:22 WIB 2025
Commit 1 at Wed Oct 29 06:15:56 WIB 2025
Commit 2 at Wed Oct 29 06:15:56 WIB 2025
Commit 3 at Wed Oct 29 06:15:56 WIB 2025
Commit 4 at Wed Oct 29 06:15:56 WIB 2025
Commit 1 at Thu Oct 30 06:16:31 WIB 2025
Commit 2 at Thu Oct 30 06:16:31 WIB 2025
Commit 3 at Thu Oct 30 06:16:31 WIB 2025
Commit 4 at Thu Oct 30 06:16:31 WIB 2025
Commit 1 at Fri Oct 31 06:15:42 WIB 2025
Commit 2 at Fri Oct 31 06:15:42 WIB 2025
Commit 3 at Fri Oct 31 06:15:42 WIB 2025
Commit 4 at Fri Oct 31 06:15:42 WIB 2025
Commit 1 at Sat Nov  1 06:15:53 WIB 2025
Commit 2 at Sat Nov  1 06:15:53 WIB 2025
Commit 3 at Sat Nov  1 06:15:53 WIB 2025
Commit 4 at Sat Nov  1 06:15:53 WIB 2025
Commit 1 at Sun Nov  2 06:14:53 WIB 2025
Commit 2 at Sun Nov  2 06:14:53 WIB 2025
Commit 3 at Sun Nov  2 06:14:53 WIB 2025
Commit 4 at Sun Nov  2 06:14:53 WIB 2025
Commit 1 at Mon Nov  3 06:25:33 WIB 2025
Commit 2 at Mon Nov  3 06:25:33 WIB 2025
Commit 3 at Mon Nov  3 06:25:33 WIB 2025
Commit 4 at Mon Nov  3 06:25:33 WIB 2025
Commit 1 at Tue Nov  4 06:15:53 WIB 2025
Commit 2 at Tue Nov  4 06:15:53 WIB 2025
Commit 3 at Tue Nov  4 06:15:53 WIB 2025
Commit 4 at Tue Nov  4 06:15:53 WIB 2025
Commit 1 at Wed Nov  5 06:16:16 WIB 2025
Commit 2 at Wed Nov  5 06:16:16 WIB 2025
Commit 3 at Wed Nov  5 06:16:16 WIB 2025
Commit 4 at Wed Nov  5 06:16:16 WIB 2025
Commit 1 at Thu Nov  6 06:16:29 WIB 2025
Commit 2 at Thu Nov  6 06:16:29 WIB 2025
Commit 3 at Thu Nov  6 06:16:29 WIB 2025
Commit 4 at Thu Nov  6 06:16:29 WIB 2025
Commit 1 at Fri Nov  7 06:16:08 WIB 2025
Commit 2 at Fri Nov  7 06:16:08 WIB 2025
Commit 3 at Fri Nov  7 06:16:08 WIB 2025
Commit 4 at Fri Nov  7 06:16:08 WIB 2025
Commit 1 at Sat Nov  8 06:15:38 WIB 2025
